<?xml version="1.0" encoding="UTF-8"?>
<coverage generated="1728413916511" clover="3.2.0">
  <project timestamp="1728413916511" name="All files">
    <metrics statements="18" coveredstatements="16" conditionals="9" coveredconditionals="7" methods="3" coveredmethods="3" elements="30" coveredelements="26" complexity="0" loc="18" ncloc="18" packages="1" files="1" classes="1"/>
    <file name="Field.ts" path="D:\Code\ReactJs\minesweeper\src\helpers\Field.ts">
      <metrics statements="18" coveredstatements="16" conditionals="9" coveredconditionals="7" methods="3" coveredmethods="3"/>
      <line num="6" count="1" type="stmt"/>
      <line num="14" count="1" type="stmt"/>
      <line num="17" count="2" type="stmt"/>
      <line num="19" count="1" type="stmt"/>
      <line num="20" count="1" type="cond" truecount="3" falsecount="1"/>
      <line num="21" count="0" type="stmt"/>
      <line num="24" count="1" type="stmt"/>
      <line num="25" count="1" type="stmt"/>
      <line num="27" count="1" type="stmt"/>
      <line num="29" count="1" type="stmt"/>
      <line num="30" count="2" type="stmt"/>
      <line num="31" count="3" type="cond" truecount="2" falsecount="0"/>
      <line num="32" count="1" type="stmt"/>
      <line num="34" count="2" type="cond" truecount="1" falsecount="1"/>
      <line num="35" count="2" type="stmt"/>
      <line num="36" count="2" type="stmt"/>
      <line num="38" count="2" type="stmt"/>
      <line num="42" count="0" type="stmt"/>
    </file>
  </project>
</coverage>
