{"D:\\Code\\ReactJs\\minesweeper\\src\\helpers\\Field.ts": {"path":"D:\\Code\\ReactJs\\minesweeper\\src\\helpers\\Field.ts","statementMap":{"0":{"start":{"line":6,"column":47},"end":{"line":12,"column":1}},"1":{"start":{"line":14,"column":35},"end":{"line":17,"column":77}},"2":{"start":{"line":17,"column":12},"end":{"line":17,"column":77}},"3":{"start":{"line":17,"column":49},"end":{"line":17,"column":76}},"4":{"start":{"line":19,"column":30},"end":{"line":38,"column":1}},"5":{"start":{"line":20,"column":2},"end":{"line":22,"column":3}},"6":{"start":{"line":21,"column":4},"end":{"line":21,"column":55}},"7":{"start":{"line":24,"column":24},"end":{"line":24,"column":35}},"8":{"start":{"line":25,"column":23},"end":{"line":25,"column":46}},"9":{"start":{"line":27,"column":24},"end":{"line":27,"column":49}},"10":{"start":{"line":29,"column":2},"end":{"line":35,"column":3}},"11":{"start":{"line":29,"column":15},"end":{"line":29,"column":16}},"12":{"start":{"line":30,"column":4},"end":{"line":34,"column":5}},"13":{"start":{"line":30,"column":17},"end":{"line":30,"column":18}},"14":{"start":{"line":31,"column":6},"end":{"line":33,"column":7}},"15":{"start":{"line":32,"column":8},"end":{"line":32,"column":22}},"16":{"start":{"line":37,"column":2},"end":{"line":37,"column":16}}},"fnMap":{"0":{"name":"(anonymous_0)","decl":{"start":{"line":14,"column":35},"end":{"line":14,"column":36}},"loc":{"start":{"line":17,"column":12},"end":{"line":17,"column":77}},"line":17},"1":{"name":"(anonymous_1)","decl":{"start":{"line":17,"column":43},"end":{"line":17,"column":44}},"loc":{"start":{"line":17,"column":49},"end":{"line":17,"column":76}},"line":17},"2":{"name":"(anonymous_2)","decl":{"start":{"line":19,"column":30},"end":{"line":19,"column":31}},"loc":{"start":{"line":19,"column":72},"end":{"line":38,"column":1}},"line":19}},"branchMap":{"0":{"loc":{"start":{"line":16,"column":2},"end":{"line":16,"column":31}},"type":"default-arg","locations":[{"start":{"line":16,"column":16},"end":{"line":16,"column":31}}],"line":16},"1":{"loc":{"start":{"line":20,"column":2},"end":{"line":22,"column":3}},"type":"if","locations":[{"start":{"line":20,"column":2},"end":{"line":22,"column":3}},{"start":{},"end":{}}],"line":20},"2":{"loc":{"start":{"line":20,"column":6},"end":{"line":20,"column":32}},"type":"binary-expr","locations":[{"start":{"line":20,"column":6},"end":{"line":20,"column":17}},{"start":{"line":20,"column":21},"end":{"line":20,"column":32}}],"line":20},"3":{"loc":{"start":{"line":31,"column":6},"end":{"line":33,"column":7}},"type":"if","locations":[{"start":{"line":31,"column":6},"end":{"line":33,"column":7}},{"start":{},"end":{}}],"line":31}},"s":{"0":1,"1":1,"2":5,"3":19,"4":1,"5":4,"6":2,"7":2,"8":2,"9":2,"10":2,"11":2,"12":2,"13":2,"14":2,"15":2,"16":0},"f":{"0":5,"1":19,"2":4},"b":{"0":[4],"1":[2,2],"2":[4,3],"3":[2,0]},"_coverageSchema":"1a1c01bbd47fc00a2c39e90264f33305004495a9","hash":"203cb71eae84dd7b13db1ccd5aa019e3a40c6723"}
}
