{"D:\\Code\\ReactJs\\minesweeper\\src\\helpers\\Field.ts": {"path":"D:\\Code\\ReactJs\\minesweeper\\src\\helpers\\Field.ts","statementMap":{"0":{"start":{"line":6,"column":47},"end":{"line":12,"column":1}},"1":{"start":{"line":14,"column":35},"end":{"line":17,"column":77}},"2":{"start":{"line":17,"column":12},"end":{"line":17,"column":77}},"3":{"start":{"line":17,"column":49},"end":{"line":17,"column":76}},"4":{"start":{"line":19,"column":30},"end":{"line":43,"column":1}},"5":{"start":{"line":20,"column":2},"end":{"line":22,"column":3}},"6":{"start":{"line":21,"column":4},"end":{"line":21,"column":59}},"7":{"start":{"line":24,"column":25},"end":{"line":24,"column":36}},"8":{"start":{"line":25,"column":25},"end":{"line":25,"column":55}},"9":{"start":{"line":27,"column":24},"end":{"line":27,"column":49}},"10":{"start":{"line":29,"column":2},"end":{"line":40,"column":3}},"11":{"start":{"line":29,"column":15},"end":{"line":29,"column":16}},"12":{"start":{"line":30,"column":4},"end":{"line":39,"column":5}},"13":{"start":{"line":30,"column":17},"end":{"line":30,"column":18}},"14":{"start":{"line":31,"column":6},"end":{"line":33,"column":7}},"15":{"start":{"line":32,"column":8},"end":{"line":32,"column":22}},"16":{"start":{"line":34,"column":6},"end":{"line":37,"column":7}},"17":{"start":{"line":35,"column":8},"end":{"line":35,"column":38}},"18":{"start":{"line":36,"column":8},"end":{"line":36,"column":27}},"19":{"start":{"line":38,"column":6},"end":{"line":38,"column":25}},"20":{"start":{"line":42,"column":2},"end":{"line":42,"column":16}}},"fnMap":{"0":{"name":"(anonymous_0)","decl":{"start":{"line":14,"column":35},"end":{"line":14,"column":36}},"loc":{"start":{"line":17,"column":12},"end":{"line":17,"column":77}},"line":17},"1":{"name":"(anonymous_1)","decl":{"start":{"line":17,"column":43},"end":{"line":17,"column":44}},"loc":{"start":{"line":17,"column":49},"end":{"line":17,"column":76}},"line":17},"2":{"name":"(anonymous_2)","decl":{"start":{"line":19,"column":30},"end":{"line":19,"column":31}},"loc":{"start":{"line":19,"column":76},"end":{"line":43,"column":1}},"line":19}},"branchMap":{"0":{"loc":{"start":{"line":16,"column":2},"end":{"line":16,"column":31}},"type":"default-arg","locations":[{"start":{"line":16,"column":16},"end":{"line":16,"column":31}}],"line":16},"1":{"loc":{"start":{"line":20,"column":2},"end":{"line":22,"column":3}},"type":"if","locations":[{"start":{"line":20,"column":2},"end":{"line":22,"column":3}},{"start":{},"end":{}}],"line":20},"2":{"loc":{"start":{"line":20,"column":6},"end":{"line":20,"column":40}},"type":"binary-expr","locations":[{"start":{"line":20,"column":6},"end":{"line":20,"column":21}},{"start":{"line":20,"column":25},"end":{"line":20,"column":40}}],"line":20},"3":{"loc":{"start":{"line":31,"column":6},"end":{"line":33,"column":7}},"type":"if","locations":[{"start":{"line":31,"column":6},"end":{"line":33,"column":7}},{"start":{},"end":{}}],"line":31},"4":{"loc":{"start":{"line":34,"column":6},"end":{"line":37,"column":7}},"type":"if","locations":[{"start":{"line":34,"column":6},"end":{"line":37,"column":7}},{"start":{},"end":{}}],"line":34}},"s":{"0":1,"1":1,"2":1,"3":2,"4":1,"5":1,"6":0,"7":1,"8":1,"9":1,"10":1,"11":1,"12":2,"13":2,"14":3,"15":1,"16":2,"17":2,"18":2,"19":2,"20":0},"f":{"0":1,"1":2,"2":1},"b":{"0":[1],"1":[0,1],"2":[1,1],"3":[1,2],"4":[2,0]},"_coverageSchema":"1a1c01bbd47fc00a2c39e90264f33305004495a9","hash":"f2b0fa8b6536c2de34d25edc9e5b9ac798aa562f"}
}
